[debug] [2020-05-13T07:37:12.931Z] ----------------------------------------------------------------------
[debug] [2020-05-13T07:37:12.936Z] Command:       /usr/local/Cellar/node/13.6.0/bin/node /usr/local/bin/firebase functions:shell
[debug] [2020-05-13T07:37:12.937Z] CLI Version:   8.2.0
[debug] [2020-05-13T07:37:12.937Z] Platform:      darwin
[debug] [2020-05-13T07:37:12.937Z] Node Version:  v13.6.0
[debug] [2020-05-13T07:37:12.961Z] Time:          Wed May 13 2020 00:37:12 GMT-0700 (Pacific Daylight Time)
[debug] [2020-05-13T07:37:12.961Z] ----------------------------------------------------------------------
[debug] [2020-05-13T07:37:12.961Z] 
[debug] [2020-05-13T07:37:12.994Z] > command requires scopes: ["email","openid","https://www.googleapis.com/auth/cloudplatformprojects.readonly","https://www.googleapis.com/auth/firebase","https://www.googleapis.com/auth/cloud-platform"]
[debug] [2020-05-13T07:37:12.994Z] > authorizing via signed-in user
[debug] [2020-05-13T07:37:12.995Z] [iam] checking project songness-9ae05 for permissions ["firebase.projects.get"]
[debug] [2020-05-13T07:37:13.003Z] > refreshing access token with scopes: ["email","https://www.googleapis.com/auth/cloud-platform","https://www.googleapis.com/auth/cloudplatformprojects.readonly","https://www.googleapis.com/auth/firebase","openid"]
[debug] [2020-05-13T07:37:13.004Z] >>> HTTP REQUEST POST https://www.googleapis.com/oauth2/v3/token  
 <request body omitted>
[debug] [2020-05-13T07:37:13.335Z] <<< HTTP RESPONSE 200 {"content-type":"application/json; charset=utf-8","vary":"X-Origin, Referer, Origin,Accept-Encoding","date":"Wed, 13 May 2020 07:37:13 GMT","server":"scaffolding on HTTPServer2","cache-control":"private","x-xss-protection":"0","x-frame-options":"SAMEORIGIN","x-content-type-options":"nosniff","alt-svc":"h3-27=\":443\"; ma=2592000,h3-25=\":443\"; ma=2592000,h3-T050=\":443\"; ma=2592000,h3-Q050=\":443\"; ma=2592000,h3-Q049=\":443\"; ma=2592000,h3-Q048=\":443\"; ma=2592000,h3-Q046=\":443\"; ma=2592000,h3-Q043=\":443\"; ma=2592000,quic=\":443\"; ma=2592000; v=\"46,43\"","accept-ranges":"none","transfer-encoding":"chunked"}
[debug] [2020-05-13T07:37:13.378Z] >>> HTTP REQUEST POST https://cloudresourcemanager.googleapis.com/v1/projects/songness-9ae05:testIamPermissions  
 {"permissions":["firebase.projects.get"]}
[debug] [2020-05-13T07:37:13.563Z] <<< HTTP RESPONSE 200 {"content-type":"application/json; charset=UTF-8","vary":"X-Origin, Referer, Origin,Accept-Encoding","date":"Wed, 13 May 2020 07:37:13 GMT","server":"ESF","cache-control":"private","x-xss-protection":"0","x-frame-options":"SAMEORIGIN","x-content-type-options":"nosniff","server-timing":"gfet4t7; dur=58","alt-svc":"h3-27=\":443\"; ma=2592000,h3-25=\":443\"; ma=2592000,h3-Q050=\":443\"; ma=2592000,h3-Q049=\":443\"; ma=2592000,h3-Q048=\":443\"; ma=2592000,h3-Q046=\":443\"; ma=2592000,h3-Q043=\":443\"; ma=2592000,quic=\":443\"; ma=2592000; v=\"46,43\"","accept-ranges":"none","transfer-encoding":"chunked"}
[warn] ⚠  Your requested "node" version "8" doesn't match your global version "13"
[info] ✔  functions: functions emulator started at http://localhost:5000
[debug] [2020-05-13T07:37:13.634Z] [functions] Watching "/Users/leon/Documents/songness/functions" for Cloud Functions...
[debug] [2020-05-13T07:37:13.680Z] DEBUG: [worker-pool] addWorker(~diagnostic~)
[debug] [2020-05-13T07:37:13.682Z] DEBUG: [worker-pool] Adding worker with key ~diagnostic~, total=1
[debug] [2020-05-13T07:37:13.683Z] DEBUG: [worker-pool] submitWork(triggerId=)
[debug] [2020-05-13T07:37:13.686Z] DEBUG: [worker-~diagnostic~-11eec8ca-adea-4722-a2f3-e2506055f332]: Assigning socketPath: /var/folders/hb/gwqvn3bx7hl9gxtj5xnj2_z40000gn/T/fire_emu_11887.sock
[debug] [2020-05-13T07:37:13.689Z] DEBUG: [worker-~diagnostic~-11eec8ca-adea-4722-a2f3-e2506055f332]: BUSY
[debug] [2020-05-13T07:37:16.089Z] DEBUG: [runtime-status] [11887] Functions runtime initialized. {"cwd":"/Users/leon/Documents/songness/functions","node_version":"13.6.0"}
[debug] [2020-05-13T07:37:16.090Z] DEBUG: [runtime-status] [11887] Disabled runtime features: undefined
[debug] [2020-05-13T07:37:16.104Z] DEBUG: [runtime-status] [11887] Resolved module firebase-admin {"declared":true,"installed":true,"version":"8.10.0","resolution":"/Users/leon/Documents/songness/functions/node_modules/firebase-admin/lib/index.js"}
[debug] [2020-05-13T07:37:16.113Z] DEBUG: [runtime-status] [11887] Resolved module firebase-functions {"declared":true,"installed":true,"version":"3.6.1","resolution":"/Users/leon/Documents/songness/functions/node_modules/firebase-functions/lib/index.js"}
[debug] [2020-05-13T07:37:16.113Z] DEBUG: [runtime-status] [11887] Outgoing network have been stubbed. [{"name":"http","status":"mocked"},{"name":"http","status":"mocked"},{"name":"https","status":"mocked"},{"name":"https","status":"mocked"},{"name":"net","status":"mocked"}]
[debug] [2020-05-13T07:37:16.327Z] DEBUG: [runtime-status] [11887] Checked functions.config() {"config":{}}
[debug] [2020-05-13T07:37:16.330Z] DEBUG: [runtime-status] [11887] Resolved module firebase-functions {"declared":true,"installed":true,"version":"3.6.1","resolution":"/Users/leon/Documents/songness/functions/node_modules/firebase-functions/lib/index.js"}
[debug] [2020-05-13T07:37:16.333Z] DEBUG: [runtime-status] [11887] Resolved module firebase-admin {"declared":true,"installed":true,"version":"8.10.0","resolution":"/Users/leon/Documents/songness/functions/node_modules/firebase-admin/lib/index.js"}
[debug] [2020-05-13T07:37:16.337Z] DEBUG: [runtime-status] [11887] Resolved module firebase-functions {"declared":true,"installed":true,"version":"3.6.1","resolution":"/Users/leon/Documents/songness/functions/node_modules/firebase-functions/lib/index.js"}
[debug] [2020-05-13T07:37:16.338Z] DEBUG: [runtime-status] [11887] firebase-admin has been stubbed. {"adminResolution":{"declared":true,"installed":true,"version":"8.10.0","resolution":"/Users/leon/Documents/songness/functions/node_modules/firebase-admin/lib/index.js"}}
[debug] [2020-05-13T07:37:16.354Z] DEBUG: [runtime-status] [11887] initializeApp(DEFAULT) {"databaseURL":"https://songness-9ae05.firebaseio.com","storageBucket":"songness-9ae05.appspot.com","projectId":"songness-9ae05","credential":{"httpClient":{"retry":{"maxRetries":4,"statusCodes":[503],"ioErrorCodes":["ECONNRESET","ETIMEDOUT"],"backOffFactor":0.5,"maxDelayInMillis":60000}}}}
[warn] ⚠  functions: The Cloud Firestore emulator is not running, so calls to Firestore will affect production.
[debug] [2020-05-13T07:37:19.835Z] DEBUG: [worker-~diagnostic~-11eec8ca-adea-4722-a2f3-e2506055f332]: IDLE
[debug] [2020-05-13T07:37:19.835Z] [functions[start]] http function initialized (http://localhost:5000/songness-9ae05/us-central1/start).
[info] i  functions: Loaded functions: start
[warn] ⚠  functions: The following emulators are not running, calls to these services will affect production: firestore, database, pubsub
[warn] ⚠  External network resource requested!
   - URL: "http://169.254.169.254/computeMetadata/v1/instance"
 - Be careful, this may be a production service.
[warn] ⚠  External network resource requested!
   - URL: "http://metadata.google.internal./computeMetadata/v1/instance"
 - Be careful, this may be a production service.
[info] >  (node:11887) UnhandledPromiseRejectionWarning: Error: Could not load the default credentials. Browse to https://cloud.google.com/docs/authentication/getting-started for more information. {"user":"(node:11887) UnhandledPromiseRejectionWarning: Error: Could not load the default credentials. Browse to https://cloud.google.com/docs/authentication/getting-started for more information."}
[info] >      at GoogleAuth.getApplicationDefaultAsync (/Users/leon/Documents/songness/functions/node_modules/google-auth-library/build/src/auth/googleauth.js:160:19) {"user":"    at GoogleAuth.getApplicationDefaultAsync (/Users/leon/Documents/songness/functions/node_modules/google-auth-library/build/src/auth/googleauth.js:160:19)"}
[info] >      at processTicksAndRejections (internal/process/task_queues.js:97:5) {"user":"    at processTicksAndRejections (internal/process/task_queues.js:97:5)"}
[info] >      at async GoogleAuth.getClient (/Users/leon/Documents/songness/functions/node_modules/google-auth-library/build/src/auth/googleauth.js:502:17) {"user":"    at async GoogleAuth.getClient (/Users/leon/Documents/songness/functions/node_modules/google-auth-library/build/src/auth/googleauth.js:502:17)"}
[info] >      at async GrpcClient._getCredentials (/Users/leon/Documents/songness/functions/node_modules/google-gax/build/src/grpc.js:92:24) {"user":"    at async GrpcClient._getCredentials (/Users/leon/Documents/songness/functions/node_modules/google-gax/build/src/grpc.js:92:24)"}
[info] >      at async GrpcClient.createStub (/Users/leon/Documents/songness/functions/node_modules/google-gax/build/src/grpc.js:213:23) {"user":"    at async GrpcClient.createStub (/Users/leon/Documents/songness/functions/node_modules/google-gax/build/src/grpc.js:213:23)"}
[info] >  (node:11887) UnhandledPromiseRejectionWarning: Unhandled promise rejection. This error originated either by throwing inside of an async function without a catch block, or by rejecting a promise which was not handled with .catch(). To terminate the node process on unhandled promise rejection, use the CLI flag `--unhandled-rejections=strict` (see https://nodejs.org/api/cli.html#cli_unhandled_rejections_mode). (rejection id: 2) {"user":"(node:11887) UnhandledPromiseRejectionWarning: Unhandled promise rejection. This error originated either by throwing inside of an async function without a catch block, or by rejecting a promise which was not handled with .catch(). To terminate the node process on unhandled promise rejection, use the CLI flag `--unhandled-rejections=strict` (see https://nodejs.org/api/cli.html#cli_unhandled_rejections_mode). (rejection id: 2)"}
[info] >  (node:11887) [DEP0018] DeprecationWarning: Unhandled promise rejections are deprecated. In the future, promise rejections that are not handled will terminate the Node.js process with a non-zero exit code. {"user":"(node:11887) [DEP0018] DeprecationWarning: Unhandled promise rejections are deprecated. In the future, promise rejections that are not handled will terminate the Node.js process with a non-zero exit code."}
[debug] [2020-05-13T07:39:31.329Z] TypeError: Cannot read property 'setRawMode' of null
    at ReadStream.setRawMode (tty.js:75:28)
    at REPLServer.Interface._setRawMode (readline.js:284:16)
    at REPLServer.Interface.close (readline.js:407:10)
    at repl.js:929:31
    at processTicksAndRejections (internal/process/task_queues.js:79:11)
